2025-01-31 17:52:46,184 - INFO - Created JSON file: graph.json for AMZN
2025-01-31 17:52:46,212 - INFO - Created technical indicators CSV file: technical_indicators_1.csv
2025-01-31 17:53:15,547 - INFO - Created JSON file: graph.json for AMC
2025-01-31 17:53:15,557 - INFO - Created technical indicators CSV file: technical_indicators_1.csv
2025-01-31 17:53:22,674 - INFO - Created JSON file: graph.json for RUM
2025-01-31 17:53:22,693 - INFO - Created technical indicators CSV file: technical_indicators_1.csv
2025-01-31 18:26:58,770 - INFO - Created JSON file: graph.json for GME
2025-01-31 18:26:58,788 - INFO - Created technical indicators CSV file: technical_indicators_1.csv
2025-01-31 18:30:12,650 - INFO - Created JSON file: graph.json for RBRK
2025-01-31 18:30:12,667 - INFO - Created technical indicators CSV file: technical_indicators_1.csv
2025-01-31 18:32:41,335 - INFO - Created JSON file: graph.json for PLTR
2025-01-31 18:32:41,345 - INFO - Created technical indicators CSV file: technical_indicators_1.csv
2025-01-31 18:34:10,608 - INFO - Created JSON file: graph.json for LULU
2025-01-31 18:34:10,626 - INFO - Created technical indicators CSV file: technical_indicators_1.csv
2025-01-31 18:45:11,817 - INFO - Created JSON file: graph.json for AMZN
2025-01-31 18:45:11,826 - INFO - Created technical indicators CSV file: technical_indicators_1.csv
2025-01-31 21:53:09,897 - INFO - Created JSON file: graph.json for GXAI
2025-01-31 21:53:09,916 - INFO - Created technical indicators CSV file: technical_indicators_1.csv
2025-01-31 23:03:09,057 - INFO - Created JSON file: graph.json for ASAN
2025-01-31 23:03:09,064 - INFO - Created technical indicators CSV file: technical_indicators_1.csv
2025-01-31 23:03:27,104 - INFO - Created JSON file: graph.json for GXAI
2025-01-31 23:03:27,110 - INFO - Created technical indicators CSV file: technical_indicators_1.csv
2025-01-31 23:09:11,622 - INFO - Created JSON file: graph.json for ASAN
2025-01-31 23:09:11,630 - INFO - Created technical indicators CSV file: technical_indicators_1.csv
2025-01-31 23:12:51,918 - INFO - Created JSON file: graph.json for AMC
2025-01-31 23:12:51,925 - INFO - Created technical indicators CSV file: technical_indicators_1.csv
2025-02-01 00:05:01,585 - INFO - Created JSON file: graph.json for AMC
2025-02-01 00:05:01,590 - INFO - Created technical indicators CSV file: technical_indicators_1.csv
2025-02-01 09:00:21,109 - INFO - Created JSON file: graph.json for AMZN
2025-02-01 09:00:21,128 - INFO - Created technical indicators CSV file: technical_indicators_1.csv
2025-02-01 09:00:32,583 - INFO - Created JSON file: graph.json for SHOP
2025-02-01 09:00:32,596 - INFO - Created technical indicators CSV file: technical_indicators_1.csv
2025-02-01 09:04:05,185 - INFO - Created JSON file: graph.json for AMZN
2025-02-01 09:04:05,203 - INFO - Created technical indicators CSV file: technical_indicators_1.csv
2025-02-01 09:47:33,205 - INFO - Created JSON file: graph.json for PLTR
2025-02-01 09:47:33,217 - INFO - Created technical indicators CSV file: technical_indicators_1.csv
2025-02-01 09:48:46,648 - INFO - Created JSON file: graph.json for AMC
2025-02-01 09:48:46,661 - INFO - Created technical indicators CSV file: technical_indicators_1.csv
2025-02-01 09:48:58,597 - INFO - Created JSON file: graph.json for LULU
2025-02-01 09:48:58,608 - INFO - Created technical indicators CSV file: technical_indicators_1.csv
2025-02-01 09:53:11,124 - INFO - Created JSON file: graph.json for AMZN
2025-02-01 09:53:11,141 - INFO - Created technical indicators CSV file: technical_indicators_1.csv
2025-02-01 09:59:13,901 - INFO - Created JSON file: graph.json for PLTR
2025-02-01 09:59:13,917 - INFO - Created technical indicators CSV file: technical_indicators_1.csv
2025-02-01 13:01:47,794 - INFO - Created JSON file: graph.json for PLTR
2025-02-01 13:01:47,810 - INFO - Created technical indicators CSV file: technical_indicators_1.csv
2025-02-01 20:26:21,425 - INFO - Created JSON file: graph.json for LULU
2025-02-01 20:26:21,439 - INFO - Created technical indicators CSV file: technical_indicators_1.csv
2025-02-01 20:34:40,026 - INFO - Created JSON file: graph.json for AMC
2025-02-01 20:34:40,031 - INFO - Created technical indicators CSV file: technical_indicators_1.csv
2025-02-01 20:50:27,704 - INFO - Created JSON file: graph.json for AMC
2025-02-01 20:50:27,710 - INFO - Created technical indicators CSV file: technical_indicators_1.csv
2025-02-01 21:55:10,712 - INFO - Created JSON file: graph.json for ASAN
2025-02-01 21:55:10,720 - INFO - Created technical indicators CSV file: technical_indicators_1.csv
2025-02-01 22:00:07,488 - INFO - Created JSON file: graph.json for LULU
2025-02-01 22:00:07,494 - INFO - Created technical indicators CSV file: technical_indicators_1.csv
2025-02-01 22:03:33,120 - INFO - Created JSON file: graph.json for SHOP
2025-02-01 22:03:33,125 - INFO - Created technical indicators CSV file: technical_indicators_1.csv
2025-02-01 22:05:16,986 - INFO - Created JSON file: graph.json for SHOP
2025-02-01 22:05:16,994 - INFO - Created technical indicators CSV file: technical_indicators_1.csv
2025-02-01 22:05:54,989 - INFO - Created JSON file: graph.json for RUM
2025-02-01 22:05:54,998 - INFO - Created technical indicators CSV file: technical_indicators_1.csv
2025-02-02 00:50:58,500 - INFO - Created JSON file: graph.json for GME
2025-02-02 00:50:58,519 - INFO - Created technical indicators CSV file: technical_indicators_1.csv
2025-02-02 00:55:08,478 - INFO - Created JSON file: graph.json for AMZN
2025-02-02 00:55:08,502 - INFO - Created technical indicators CSV file: technical_indicators_1.csv
2025-02-02 21:29:22,302 - INFO - Created JSON file: graph.json for GME
2025-02-02 21:29:22,323 - INFO - Created technical indicators CSV file: technical_indicators_1.csv
2025-02-02 21:49:12,699 - INFO - Created JSON file: graph.json for QBTS
2025-02-02 21:49:12,712 - INFO - Created technical indicators CSV file: technical_indicators_1.csv
2025-02-02 22:02:47,898 - INFO - Created JSON file: graph.json for QBTS
2025-02-02 22:02:47,908 - INFO - Created technical indicators CSV file: technical_indicators_1.csv
2025-02-02 22:18:07,671 - INFO - Created JSON file: graph.json for LULU
2025-02-02 22:18:07,681 - INFO - Created technical indicators CSV file: technical_indicators_1.csv
2025-02-02 22:36:51,749 - INFO - Created JSON file: graph.json for GME
2025-02-02 22:36:51,768 - INFO - Created technical indicators CSV file: technical_indicators_1.csv
2025-02-02 22:40:37,502 - INFO - Created JSON file: graph.json for DOCU
2025-02-02 22:40:37,517 - INFO - Created technical indicators CSV file: technical_indicators_1.csv
2025-02-02 22:43:44,260 - INFO - Created JSON file: graph.json for AMC
2025-02-02 22:43:44,276 - INFO - Created technical indicators CSV file: technical_indicators_1.csv
2025-02-02 22:54:44,741 - INFO - Created JSON file: graph.json for QBTS
2025-02-02 22:54:44,748 - INFO - Created technical indicators CSV file: technical_indicators_1.csv
2025-02-02 22:59:29,910 - INFO - Created JSON file: graph.json for RBRK
2025-02-02 22:59:29,918 - INFO - Created technical indicators CSV file: technical_indicators_1.csv
2025-02-02 23:03:01,739 - INFO - Created JSON file: graph.json for RBRK
2025-02-02 23:03:01,747 - INFO - Created technical indicators CSV file: technical_indicators_1.csv
2025-02-03 01:09:21,028 - INFO - Created JSON file: graph.json for RBRK
2025-02-03 01:09:21,041 - INFO - Created technical indicators CSV file: technical_indicators_1.csv
2025-02-03 01:18:23,542 - INFO - Created JSON file: graph.json for AMZN
2025-02-03 01:18:23,548 - INFO - Created technical indicators CSV file: technical_indicators_1.csv
2025-02-03 01:47:42,033 - INFO - Created JSON file: graph.json for AMZN
2025-02-03 01:47:42,040 - INFO - Created technical indicators CSV file: technical_indicators_1.csv
2025-02-03 02:01:40,900 - INFO - Created JSON file: graph.json for RBRK
2025-02-03 02:01:40,907 - INFO - Created technical indicators CSV file: technical_indicators_1.csv
